Removed Member From Class: ClassName=Mode_V1 Member=U?
Removed Member From Class: ClassName=Mode_V1 Member=U?
Added Component: Designator=R1(AXIAL-0.3)
Added Component: Designator=R2(AXIAL-0.3)
Added Component: Designator=R3(AXIAL-0.3)
Added Component: Designator=R4(AXIAL-0.3)
Added Component: Designator=S1(DIP-8)
Added Component: Designator=S2(SPST-2)
Added Component: Designator=S3(SPST-2)
Added Component: Designator=S4(SPST-2)
Added Component: Designator=S5(SPST-2)
Added Pin To Net: NetName=GND Pin=P2-5
Added Pin To Net: NetName=VCC Pin=R1-2
Added Pin To Net: NetName=VCC Pin=R2-2
Added Pin To Net: NetName=VCC Pin=R3-2
Added Pin To Net: NetName=VCC Pin=R4-2
Added Pin To Net: NetName=GND Pin=S2-1
Added Pin To Net: NetName=GND Pin=S3-1
Added Pin To Net: NetName=GND Pin=S4-1
Added Pin To Net: NetName=GND Pin=S5-1
Added Pin To Net: NetName=NetP1_1 Pin=P1-1
Added Pin To Net: NetName=NetP1_1 Pin=P1-2
Added Net: Name=NetP1_1
Added Pin To Net: NetName=NetP2_1 Pin=P2-1
Added Pin To Net: NetName=NetP2_1 Pin=S1-4
Added Net: Name=NetP2_1
Added Pin To Net: NetName=NetP2_2 Pin=P2-2
Added Pin To Net: NetName=NetP2_2 Pin=S1-2
Added Net: Name=NetP2_2
Added Pin To Net: NetName=NetP2_3 Pin=P2-3
Added Pin To Net: NetName=NetP2_3 Pin=S1-7
Added Pin To Net: NetName=NetP2_3 Pin=S1-8
Added Net: Name=NetP2_3
Added Pin To Net: NetName=NetP2_4 Pin=P2-4
Added Pin To Net: NetName=NetP2_4 Pin=S1-5
Added Pin To Net: NetName=NetP2_4 Pin=S1-6
Added Net: Name=NetP2_4
Added Pin To Net: NetName=NetP3_1 Pin=P3-1
Added Pin To Net: NetName=NetP3_1 Pin=R4-1
Added Pin To Net: NetName=NetP3_1 Pin=S5-2
Added Net: Name=NetP3_1
Added Pin To Net: NetName=NetP3_2 Pin=P3-2
Added Pin To Net: NetName=NetP3_2 Pin=R3-1
Added Pin To Net: NetName=NetP3_2 Pin=S4-2
Added Net: Name=NetP3_2
Added Pin To Net: NetName=NetP3_3 Pin=P3-3
Added Pin To Net: NetName=NetP3_3 Pin=R2-1
Added Pin To Net: NetName=NetP3_3 Pin=S3-2
Added Net: Name=NetP3_3
Added Pin To Net: NetName=NetP3_4 Pin=P3-4
Added Pin To Net: NetName=NetP3_4 Pin=R1-1
Added Pin To Net: NetName=NetP3_4 Pin=S2-2
Added Net: Name=NetP3_4
Added Pin To Net: NetName=NetS1_1 Pin=S1-1
Added Net: Name=NetS1_1
Added Pin To Net: NetName=NetS1_3 Pin=S1-3
Added Net: Name=NetS1_3
Added Member To Class: ClassName=Mode_V1 Member=Component R1 Res1
Added Member To Class: ClassName=Mode_V1 Member=Component R2 Res1
Added Member To Class: ClassName=Mode_V1 Member=Component R3 Res1
Added Member To Class: ClassName=Mode_V1 Member=Component R4 Res1
Added Member To Class: ClassName=Mode_V1 Member=Component S1 SW-DIP4
Added Member To Class: ClassName=Mode_V1 Member=Component S2 SW-PB
Added Member To Class: ClassName=Mode_V1 Member=Component S3 SW-PB
Added Member To Class: ClassName=Mode_V1 Member=Component S4 SW-PB
Added Member To Class: ClassName=Mode_V1 Member=Component S5 SW-PB
Added Room: Name=Mode_V1
