Removed Pin From Net: NetName=VCC1 Pin=C2-1
Removed Pin From Net: NetName=VCC2 Pin=C2-2
Change Component Comment : Designator=rest2 Old Comment=1K New Comment=100
Change Component Comment : Designator=rest4 Old Comment=1K New Comment=100
Added Component: Designator=rest13(AXIAL-0.3)
Added Component: Designator=trans(HDR1X3)
Added Pin To Net: NetName=VCC Pin=trans-1
Added Pin To Net: NetName=VCC Pin=trans-1
Added Pin To Net: NetName=VCC1 Pin=trans-3
Added Pin To Net: NetName=VCC2 Pin=trans-3
Added Pin To Net: NetName=NetC2_1 Pin=C2-1
Added Pin To Net: NetName=NetC2_1 Pin=rest12-1
Added Net: Name=NetC2_1
Added Pin To Net: NetName=NetC2_2 Pin=C2-2
Added Pin To Net: NetName=NetC2_2 Pin=rest13-1
Added Net: Name=NetC2_2
Added Pin To Net: NetName=Netrest12_2 Pin=rest12-2
Added Pin To Net: NetName=Netrest12_2 Pin=trans-2
Added Net: Name=Netrest12_2
Added Pin To Net: NetName=Netrest13_2 Pin=rest13-2
Added Pin To Net: NetName=Netrest13_2 Pin=trans-2
Added Net: Name=Netrest13_2
Added Member To Class: ClassName=1 Member=Component rest13 1k
Added Member To Class: ClassName=1 Member=Component trans Header 3
Added Room: Name=1
