Removed Pin From Net: NetName=NetC2_1 Pin=rest12-1
Added Component: Designator=rest13(AXIAL-0.3)
Added Component: Designator=rest14(AXIAL-0.3)
Added Component: Designator=trans1(HDR1X3)
Added Component: Designator=trans2(HDR1X3)
Added Pin To Net: NetName=VCC Pin=rest12-1
Added Pin To Net: NetName=NetLED2_A Pin=rest12-2
Added Pin To Net: NetName=NetC2_2 Pin=rest13-1
Added Pin To Net: NetName=Netrest13_2 Pin=rest13-2
Added Pin To Net: NetName=NetC2_1 Pin=rest14-1
Added Pin To Net: NetName=VCC Pin=trans1-1
Added Pin To Net: NetName=VCC1 Pin=trans1-3
Added Pin To Net: NetName=VCC Pin=trans2-1
Added Pin To Net: NetName=Netrest13_2 Pin=trans2-2
Added Pin To Net: NetName=VCC2 Pin=trans2-3
Added Pin To Net: NetName=Netrest14_2 Pin=rest14-2
Added Pin To Net: NetName=Netrest14_2 Pin=trans1-2
Added Net: Name=Netrest14_2
Added Member To Class: ClassName=1 Member=Component rest13 1k
Added Member To Class: ClassName=1 Member=Component rest14 1k
Added Member To Class: ClassName=1 Member=Component trans1 Header 3
Added Member To Class: ClassName=1 Member=Component trans2 Header 3
Added Room: Name=1
