Removed Pin From Net: NetName=Net22pF1_1 Pin=Header A-9
Removed Pin From Net: NetName=NetHeader A_11 Pin=Header A-11
Added Component: Designator=Header.A(HDR2X11_CEN)
Change Net Name : Old Net Name=NetHeader A_11 New Net Name=NetHeader.A_8
Added Pin To Net: NetName=NetHeader.A_1 Pin=Header.A-1
Added Pin To Net: NetName=NetHeader.A_1 Pin=U1-35
Added Net: Name=NetHeader.A_1
Added Pin To Net: NetName=NetHeader.A_2 Pin=Header.A-2
Added Pin To Net: NetName=NetHeader.A_2 Pin=U1-36
Added Net: Name=NetHeader.A_2
Added Pin To Net: NetName=NetHeader.A_3 Pin=Header.A-3
Added Pin To Net: NetName=NetHeader.A_3 Pin=U1-48
Added Net: Name=NetHeader.A_3
Added Pin To Net: NetName=NetHeader.A_4 Pin=Header.A-4
Added Pin To Net: NetName=NetHeader.A_4 Pin=U1-47
Added Net: Name=NetHeader.A_4
Added Pin To Net: NetName=NetHeader.A_5 Pin=Header.A-5
Added Pin To Net: NetName=NetHeader.A_5 Pin=U1-44
Added Net: Name=NetHeader.A_5
Added Pin To Net: NetName=NetHeader.A_6 Pin=Header.A-6
Added Pin To Net: NetName=NetHeader.A_6 Pin=U1-43
Added Net: Name=NetHeader.A_6
Added Pin To Net: NetName=NetHeader.A_9 Pin=Header.A-9
Added Pin To Net: NetName=NetHeader.A_9 Pin=U1-30
Added Net: Name=NetHeader.A_9
Added Pin To Net: NetName=NetHeader.A_10 Pin=Header.A-10
Added Pin To Net: NetName=NetHeader.A_10 Pin=U1-26
Added Net: Name=NetHeader.A_10
Added Pin To Net: NetName=NetHeader.A_11 Pin=Header.A-11
Added Pin To Net: NetName=NetHeader.A_11 Pin=U1-25
Added Net: Name=NetHeader.A_11
Added Pin To Net: NetName=NetHeader.A_12 Pin=Header.A-12
Added Pin To Net: NetName=NetHeader.A_12 Pin=U1-37
Added Net: Name=NetHeader.A_12
Added Pin To Net: NetName=NetHeader.A_13 Pin=Header.A-13
Added Pin To Net: NetName=NetHeader.A_13 Pin=U1-38
Added Net: Name=NetHeader.A_13
Added Pin To Net: NetName=NetHeader.A_14 Pin=Header.A-14
Added Pin To Net: NetName=NetHeader.A_14 Pin=U1-50
Added Net: Name=NetHeader.A_14
Added Pin To Net: NetName=NetHeader.A_15 Pin=Header.A-15
Added Pin To Net: NetName=NetHeader.A_15 Pin=U1-49
Added Net: Name=NetHeader.A_15
Added Pin To Net: NetName=NetHeader.A_16 Pin=Header.A-16
Added Pin To Net: NetName=NetHeader.A_16 Pin=U1-3
Added Net: Name=NetHeader.A_16
Added Pin To Net: NetName=NetHeader.A_17 Pin=Header.A-17
Added Pin To Net: NetName=NetHeader.A_17 Pin=U1-2
Added Net: Name=NetHeader.A_17
Added Pin To Net: NetName=NetHeader.A_18 Pin=Header.A-18
Added Pin To Net: NetName=NetHeader.A_18 Pin=U1-22
Added Net: Name=NetHeader.A_18
Added Pin To Net: NetName=NetHeader.A_19 Pin=Header.A-19
Added Pin To Net: NetName=NetHeader.A_19 Pin=U1-21
Added Net: Name=NetHeader.A_19
Added Pin To Net: NetName=NetHeader.A_20 Pin=Header.A-20
Added Pin To Net: NetName=NetHeader.A_20 Pin=U1-20
Added Net: Name=NetHeader.A_20
Added Pin To Net: NetName=NetHeader.A_21 Pin=Header.A-21
Added Pin To Net: NetName=NetHeader.A_21 Pin=U1-6
Added Net: Name=NetHeader.A_21
Added Pin To Net: NetName=NetHeader.A_22 Pin=Header.A-22
Added Pin To Net: NetName=NetHeader.A_22 Pin=U1-5
Added Net: Name=NetHeader.A_22
Added Member To Class: ClassName=Atas Member=Component Header.A Header 11X2A
