Added Component: Designator=Header.A(HDR2X10_CEN)
Added Component: Designator=Header.B(HDR2X11_CEN)
Added Component: Designator=U1(100A_M)
Added Pin To Net: NetName=NetHeader.A_1 Pin=Header.A-1
Added Pin To Net: NetName=NetHeader.A_2 Pin=Header.A-2
Added Pin To Net: NetName=NetHeader.A_3 Pin=Header.A-3
Added Pin To Net: NetName=NetHeader.A_4 Pin=Header.A-4
Added Pin To Net: NetName=NetHeader.A_5 Pin=Header.A-5
Added Pin To Net: NetName=NetHeader.A_6 Pin=Header.A-6
Added Pin To Net: NetName=NetHeader.A_7 Pin=Header.A-7
Added Pin To Net: NetName=NetHeader.A_8 Pin=Header.A-8
Added Pin To Net: NetName=NetHeader.A_9 Pin=Header.A-9
Added Pin To Net: NetName=NetHeader.A_10 Pin=Header.A-10
Added Pin To Net: NetName=NetHeader.A_11 Pin=Header.A-11
Added Pin To Net: NetName=NetHeader.A_12 Pin=Header.A-12
Added Pin To Net: NetName=NetHeader.A_13 Pin=Header.A-13
Added Pin To Net: NetName=NetHeader.A_14 Pin=Header.A-14
Added Pin To Net: NetName=NetHeader.A_15 Pin=Header.A-15
Added Pin To Net: NetName=NetHeader.A_16 Pin=Header.A-16
Added Pin To Net: NetName=NetHeader.A_17 Pin=Header.A-17
Added Pin To Net: NetName=NetHeader.A_18 Pin=Header.A-18
Added Pin To Net: NetName=NetHeader.A_19 Pin=Header.A-19
Added Pin To Net: NetName=NetHeader.A_20 Pin=Header.A-20
Added Pin To Net: NetName=NetHeader.B_1 Pin=Header.B-1
Added Pin To Net: NetName=NetHeader.B_2 Pin=Header.B-2
Added Pin To Net: NetName=NetHeader.B_3 Pin=Header.B-3
Added Pin To Net: NetName=NetHeader.B_4 Pin=Header.B-4
Added Pin To Net: NetName=NetHeader.B_5 Pin=Header.B-5
Added Pin To Net: NetName=NetHeader.B_6 Pin=Header.B-6
Added Pin To Net: NetName=NetHeader.B_7 Pin=Header.B-7
Added Pin To Net: NetName=NetHeader.B_8 Pin=Header.B-8
Added Pin To Net: NetName=NetHeader.B_9 Pin=Header.B-9
Added Pin To Net: NetName=NetHeader.B_10 Pin=Header.B-10
Added Pin To Net: NetName=NetHeader.B_11 Pin=Header.B-11
Added Pin To Net: NetName=NetHeader.B_12 Pin=Header.B-12
Added Pin To Net: NetName=NetHeader.B_13 Pin=Header.B-13
Added Pin To Net: NetName=NetHeader.B_14 Pin=Header.B-14
Added Pin To Net: NetName=NetHeader.B_15 Pin=Header.B-15
Added Pin To Net: NetName=NetHeader.B_16 Pin=Header.B-16
Added Pin To Net: NetName=NetHeader.B_17 Pin=Header.B-17
Added Pin To Net: NetName=NetHeader.B_18 Pin=Header.B-18
Added Pin To Net: NetName=NetHeader.B_19 Pin=Header.B-19
Added Pin To Net: NetName=NetHeader.B_20 Pin=Header.B-20
Added Pin To Net: NetName=NetHeader.B_21 Pin=Header.B-21
Added Pin To Net: NetName=NetHeader.B_22 Pin=Header.B-22
Added Pin To Net: NetName=NetHeader.A_13 Pin=U1-2
Added Pin To Net: NetName=NetHeader.A_14 Pin=U1-3
Added Pin To Net: NetName=NetHeader.A_15 Pin=U1-5
Added Pin To Net: NetName=NetHeader.A_16 Pin=U1-6
Added Pin To Net: NetName=NetHeader.A_8 Pin=U1-10
Added Pin To Net: NetName=NetHeader.A_7 Pin=U1-11
Added Pin To Net: NetName=NetHeader.A_17 Pin=U1-20
Added Pin To Net: NetName=NetHeader.A_18 Pin=U1-21
Added Pin To Net: NetName=NetHeader.A_19 Pin=U1-22
Added Pin To Net: NetName=NetHeader.A_20 Pin=U1-25
Added Pin To Net: NetName=NetHeader.A_10 Pin=U1-26
Added Pin To Net: NetName=NetHeader.A_9 Pin=U1-30
Added Pin To Net: NetName=NetHeader.A_8 Pin=U1-31
Added Pin To Net: NetName=NetHeader.A_7 Pin=U1-32
Added Pin To Net: NetName=NetHeader.A_6 Pin=U1-33
Added Pin To Net: NetName=NetHeader.A_5 Pin=U1-34
Added Pin To Net: NetName=NetHeader.A_4 Pin=U1-43
Added Pin To Net: NetName=NetHeader.A_3 Pin=U1-44
Added Pin To Net: NetName=NetHeader.A_2 Pin=U1-47
Added Pin To Net: NetName=NetHeader.A_1 Pin=U1-48
Added Pin To Net: NetName=NetHeader.A_11 Pin=U1-49
Added Pin To Net: NetName=NetHeader.A_12 Pin=U1-50
Added Pin To Net: NetName=NetHeader.B_19 Pin=U1-53
Added Pin To Net: NetName=NetHeader.B_20 Pin=U1-54
Added Pin To Net: NetName=NetHeader.B_21 Pin=U1-55
Added Pin To Net: NetName=NetHeader.B_22 Pin=U1-57
Added Pin To Net: NetName=NetHeader.B_11 Pin=U1-58
Added Pin To Net: NetName=NetHeader.B_10 Pin=U1-59
Added Pin To Net: NetName=NetHeader.B_9 Pin=U1-60
Added Pin To Net: NetName=NetHeader.A_8 Pin=U1-61
Added Pin To Net: NetName=NetHeader.A_7 Pin=U1-62
Added Pin To Net: NetName=NetHeader.B_8 Pin=U1-63
Added Pin To Net: NetName=NetHeader.B_7 Pin=U1-64
Added Pin To Net: NetName=NetHeader.B_6 Pin=U1-76
Added Pin To Net: NetName=NetHeader.B_5 Pin=U1-77
Added Pin To Net: NetName=NetHeader.B_4 Pin=U1-78
Added Pin To Net: NetName=NetHeader.A_8 Pin=U1-80
Added Pin To Net: NetName=NetHeader.A_7 Pin=U1-81
Added Pin To Net: NetName=NetHeader.B_3 Pin=U1-90
Added Pin To Net: NetName=NetHeader.B_2 Pin=U1-91
Added Pin To Net: NetName=NetHeader.B_1 Pin=U1-92
Added Pin To Net: NetName=NetHeader.B_12 Pin=U1-93
Added Pin To Net: NetName=NetHeader.B_13 Pin=U1-94
Added Pin To Net: NetName=NetHeader.B_14 Pin=U1-95
Added Pin To Net: NetName=NetHeader.B_15 Pin=U1-96
Added Pin To Net: NetName=NetHeader.B_16 Pin=U1-97
Added Pin To Net: NetName=NetHeader.B_17 Pin=U1-98
Added Pin To Net: NetName=NetHeader.A_7 Pin=U1-99
Added Pin To Net: NetName=NetHeader.B_18 Pin=U1-100
Added Member To Class: ClassName=Atas Member=Component Header.A Header 10X2A
Added Member To Class: ClassName=Atas Member=Component Header.B Header 11X2A
Added Member To Class: ClassName=Atas Member=Component U1 ATmega2560-16AU
Added Room: Name=Atas
